<?xml version="1.0" encoding="UTF-8"?>
<testsuite xmlns:xsi="http://www.w3.org/2001/XMLSchema-instance" xsi:noNamespaceSchemaLocation="https://maven.apache.org/surefire/maven-surefire-plugin/xsd/surefire-test-report.xsd" name="ru.netology.RadioTest" time="0.085" tests="13" errors="0" skipped="0" failures="0">
  <properties>
[...]
</properties>
  <testcase name="shouldIncreaseVolumeHigherThanMax" classname="ru.netology.RadioTest" time="0.025"/>
  <testcase name="shouldDecreaseVolumeLowerThanMin" classname="ru.netology.RadioTest" time="0.005"/>
  <testcase name="shouldIncreaseVolume" classname="ru.netology.RadioTest" time="0.001"/>
  <testcase name="shouldSetInvalidHighVolume" classname="ru.netology.RadioTest" time="0.024"/>
  <testcase name="shouldIncreaseChannelNumHigherThanMax" classname="ru.netology.RadioTest" time="0"/>
  <testcase name="shouldDecreaseVolume" classname="ru.netology.RadioTest" time="0"/>
  <testcase name="shouldSetInvalidHighChannelNum" classname="ru.netology.RadioTest" time="0.001"/>
  <testcase name="shouldIncreaseChannelNum" classname="ru.netology.RadioTest" time="0"/>
  <testcase name="shouldSetChannelNUm" classname="ru.netology.RadioTest" time="0"/>
  <testcase name="shouldSetInvalidLowChannelNum" classname="ru.netology.RadioTest" time="0"/>
  <testcase name="shouldDecreaseChannelNumLowerThanMin" classname="ru.netology.RadioTest" time="0"/>
  <testcase name="shouldSetInvalidLowVolume" classname="ru.netology.RadioTest" time="0"/>
  <testcase name="shouldDecreaseChannelNum" classname="ru.netology.RadioTest" time="0"/>
</testsuite>